# JRE version: OpenJDK Runtime Environment (Red_Hat-21.0.6.0.7-1) (21.0.6+7) (build 21.0.6+7)
# Java VM: OpenJDK 64-Bit Server VM (Red_Hat-21.0.6.0.7-1) (21.0.6+7, mixed mode, emulated-client, sharing, tiered, compressed oops, compressed class ptrs, g1 gc, linux-amd64)
GC Precious Log:
 CardTable entry size: 512
 Card Set container configuration: InlinePtr #cards 4 size 8 Array Of Cards #cards 32 size 80 Howl #buckets 8 coarsen threshold 7372 Howl Bitmap #cards 1024 size 144 coarsen threshold 921 Card regions per heap region 1 cards per card region 8192
 CPUs: 8 total, 8 available
 Memory: 21871M
 Large Page Support: Disabled
 NUMA Support: Disabled
 Compressed Oops: Enabled (Zero based)
 Heap Region Size: 4M
 Heap Min Capacity: 8M
 Heap Initial Capacity: 344M
 Heap Max Capacity: 5468M
 Pre-touch: Disabled
 Parallel Workers: 8
 Concurrent Workers: 2
 Concurrent Refinement Workers: 8
 Periodic GC: Disabled
Heap:
 garbage-first heap   total 98304K, used 72775K [0x00000006aa400000, 0x0000000800000000)
  region size 4096K, 14 young (57344K), 2 survivors (8192K)
 Metaspace       used 45050K, committed 45696K, reserved 1114112K
  class space    used 6274K, committed 6592K, reserved 1048576K
GC Heap History (17 events):
Event: 0,437 GC heap before
{Heap before GC invocations=0 (full 0):
 garbage-first heap   total 356352K, used 17459K [0x00000006aa400000, 0x0000000800000000)
  region size 4096K, 5 young (20480K), 0 survivors (0K)
 Metaspace       used 6421K, committed 6720K, reserved 1114112K
  class space    used 744K, committed 896K, reserved 1048576K
}
Event: 0,442 GC heap after
{Heap after GC invocations=1 (full 0):
 garbage-first heap   total 356352K, used 9104K [0x00000006aa400000, 0x0000000800000000)
  region size 4096K, 1 young (4096K), 1 survivors (4096K)
 Metaspace       used 6421K, committed 6720K, reserved 1114112K
  class space    used 744K, committed 896K, reserved 1048576K
}
Event: 0,629 GC heap before
{Heap before GC invocations=1 (full 0):
 garbage-first heap   total 356352K, used 21392K [0x00000006aa400000, 0x0000000800000000)
  region size 4096K, 4 young (16384K), 1 survivors (4096K)
 Metaspace       used 8636K, committed 8960K, reserved 1114112K
  class space    used 1069K, committed 1216K, reserved 1048576K
}
Event: 0,632 GC heap after
{Heap after GC invocations=2 (full 0):
 garbage-first heap   total 356352K, used 9491K [0x00000006aa400000, 0x0000000800000000)
  region size 4096K, 1 young (4096K), 1 survivors (4096K)
 Metaspace       used 8636K, committed 8960K, reserved 1114112K
  class space    used 1069K, committed 1216K, reserved 1048576K
}
Event: 1,193 GC heap before
{Heap before GC invocations=2 (full 0):
 garbage-first heap   total 356352K, used 54547K [0x00000006aa400000, 0x0000000800000000)
  region size 4096K, 13 young (53248K), 1 survivors (4096K)
 Metaspace       used 19784K, committed 20160K, reserved 1114112K
  class space    used 2655K, committed 2816K, reserved 1048576K
}
Event: 1,197 GC heap after
{Heap after GC invocations=3 (full 0):
 garbage-first heap   total 356352K, used 13717K [0x00000006aa400000, 0x0000000800000000)
  region size 4096K, 2 young (8192K), 2 survivors (8192K)
 Metaspace       used 19784K, committed 20160K, reserved 1114112K
  class space    used 2655K, committed 2816K, reserved 1048576K
}
Event: 1,243 GC heap before
{Heap before GC invocations=3 (full 0):
 garbage-first heap   total 356352K, used 17813K [0x00000006aa400000, 0x0000000800000000)
  region size 4096K, 4 young (16384K), 2 survivors (8192K)
 Metaspace       used 21123K, committed 21504K, reserved 1114112K
  class space    used 2812K, committed 3008K, reserved 1048576K
}
Event: 1,246 GC heap after
{Heap after GC invocations=4 (full 0):
 garbage-first heap   total 356352K, used 14272K [0x00000006aa400000, 0x0000000800000000)
  region size 4096K, 2 young (8192K), 2 survivors (8192K)
 Metaspace       used 21123K, committed 21504K, reserved 1114112K
  class space    used 2812K, committed 3008K, reserved 1048576K
}
Event: 1,556 GC heap before
{Heap before GC invocations=5 (full 0):
 garbage-first heap   total 69632K, used 47040K [0x00000006aa400000, 0x0000000800000000)
  region size 4096K, 10 young (40960K), 2 survivors (8192K)
 Metaspace       used 23999K, committed 24512K, reserved 1114112K
  class space    used 3244K, committed 3456K, reserved 1048576K
}
Event: 1,560 GC heap after
{Heap after GC invocations=6 (full 0):
 garbage-first heap   total 69632K, used 16813K [0x00000006aa400000, 0x0000000800000000)
  region size 4096K, 1 young (4096K), 1 survivors (4096K)
 Metaspace       used 23999K, committed 24512K, reserved 1114112K
  class space    used 3244K, committed 3456K, reserved 1048576K
}
Event: 1,936 GC heap before
{Heap before GC invocations=6 (full 0):
 garbage-first heap   total 69632K, used 45485K [0x00000006aa400000, 0x0000000800000000)
  region size 4096K, 8 young (32768K), 1 survivors (4096K)
 Metaspace       used 26325K, committed 26816K, reserved 1114112K
  class space    used 3596K, committed 3840K, reserved 1048576K
}
Event: 1,941 GC heap after
{Heap after GC invocations=7 (full 0):
 garbage-first heap   total 69632K, used 18606K [0x00000006aa400000, 0x0000000800000000)
  region size 4096K, 1 young (4096K), 1 survivors (4096K)
 Metaspace       used 26325K, committed 26816K, reserved 1114112K
  class space    used 3596K, committed 3840K, reserved 1048576K
}
Event: 2,387 GC heap before
{Heap before GC invocations=7 (full 0):
 garbage-first heap   total 69632K, used 51374K [0x00000006aa400000, 0x0000000800000000)
  region size 4096K, 9 young (36864K), 1 survivors (4096K)
 Metaspace       used 31962K, committed 32512K, reserved 1114112K
  class space    used 4374K, committed 4608K, reserved 1048576K
}
Event: 2,390 GC heap after
{Heap after GC invocations=8 (full 0):
 garbage-first heap   total 212992K, used 21267K [0x00000006aa400000, 0x0000000800000000)
  region size 4096K, 2 young (8192K), 2 survivors (8192K)
 Metaspace       used 31962K, committed 32512K, reserved 1114112K
  class space    used 4374K, committed 4608K, reserved 1048576K
}
Event: 2,799 GC heap before
{Heap before GC invocations=8 (full 0):
 garbage-first heap   total 212992K, used 54035K [0x00000006aa400000, 0x0000000800000000)
  region size 4096K, 11 young (45056K), 2 survivors (8192K)
 Metaspace       used 35894K, committed 36480K, reserved 1114112K
  class space    used 4910K, committed 5184K, reserved 1048576K
}
Event: 2,804 GC heap after
{Heap after GC invocations=9 (full 0):
 garbage-first heap   total 212992K, used 23623K [0x00000006aa400000, 0x0000000800000000)
  region size 4096K, 2 young (8192K), 2 survivors (8192K)
 Metaspace       used 35894K, committed 36480K, reserved 1114112K
  class space    used 4910K, committed 5184K, reserved 1048576K
}
Event: 3,452 GC heap before
{Heap before GC invocations=10 (full 0):
 garbage-first heap   total 98304K, used 72775K [0x00000006aa400000, 0x0000000800000000)
  region size 4096K, 14 young (57344K), 2 survivors (8192K)
 Metaspace       used 45050K, committed 45696K, reserved 1114112K
  class space    used 6274K, committed 6592K, reserved 1048576K
}

