# JRE version: OpenJDK Runtime Environment (Red_Hat-21.0.6.0.7-1) (21.0.6+7) (build 21.0.6+7)
# Java VM: OpenJDK 64-Bit Server VM (Red_Hat-21.0.6.0.7-1) (21.0.6+7, mixed mode, emulated-client, sharing, tiered, compressed oops, compressed class ptrs, g1 gc, linux-amd64)
GC Precious Log:
 CardTable entry size: 512
 Card Set container configuration: InlinePtr #cards 4 size 8 Array Of Cards #cards 32 size 80 Howl #buckets 8 coarsen threshold 7372 Howl Bitmap #cards 1024 size 144 coarsen threshold 921 Card regions per heap region 1 cards per card region 8192
 CPUs: 8 total, 8 available
 Memory: 21871M
 Large Page Support: Disabled
 NUMA Support: Disabled
 Compressed Oops: Enabled (Zero based)
 Heap Region Size: 4M
 Heap Min Capacity: 8M
 Heap Initial Capacity: 344M
 Heap Max Capacity: 5468M
 Pre-touch: Disabled
 Parallel Workers: 8
 Concurrent Workers: 2
 Concurrent Refinement Workers: 8
 Periodic GC: Disabled
Heap:
 garbage-first heap   total 217088K, used 89881K [0x00000006aa400000, 0x0000000800000000)
  region size 4096K, 19 young (77824K), 3 survivors (12288K)
 Metaspace       used 60118K, committed 60800K, reserved 1114112K
  class space    used 8519K, committed 8832K, reserved 1048576K
GC Heap History (19 events):
Event: 0,760 GC heap before
{Heap before GC invocations=0 (full 0):
 garbage-first heap   total 356352K, used 17459K [0x00000006aa400000, 0x0000000800000000)
  region size 4096K, 5 young (20480K), 0 survivors (0K)
 Metaspace       used 6176K, committed 6464K, reserved 1114112K
  class space    used 703K, committed 832K, reserved 1048576K
}
Event: 0,767 GC heap after
{Heap after GC invocations=1 (full 0):
 garbage-first heap   total 356352K, used 8506K [0x00000006aa400000, 0x0000000800000000)
  region size 4096K, 1 young (4096K), 1 survivors (4096K)
 Metaspace       used 6176K, committed 6464K, reserved 1114112K
  class space    used 703K, committed 832K, reserved 1048576K
}
Event: 1,140 GC heap before
{Heap before GC invocations=1 (full 0):
 garbage-first heap   total 356352K, used 16698K [0x00000006aa400000, 0x0000000800000000)
  region size 4096K, 4 young (16384K), 1 survivors (4096K)
 Metaspace       used 8536K, committed 8896K, reserved 1114112K
  class space    used 1057K, committed 1216K, reserved 1048576K
}
Event: 1,147 GC heap after
{Heap after GC invocations=2 (full 0):
 garbage-first heap   total 356352K, used 9696K [0x00000006aa400000, 0x0000000800000000)
  region size 4096K, 1 young (4096K), 1 survivors (4096K)
 Metaspace       used 8536K, committed 8896K, reserved 1114112K
  class space    used 1057K, committed 1216K, reserved 1048576K
}
Event: 2,025 GC heap before
{Heap before GC invocations=2 (full 0):
 garbage-first heap   total 356352K, used 50656K [0x00000006aa400000, 0x0000000800000000)
  region size 4096K, 12 young (49152K), 1 survivors (4096K)
 Metaspace       used 18801K, committed 19200K, reserved 1114112K
  class space    used 2563K, committed 2752K, reserved 1048576K
}
Event: 2,031 GC heap after
{Heap after GC invocations=3 (full 0):
 garbage-first heap   total 356352K, used 12746K [0x00000006aa400000, 0x0000000800000000)
  region size 4096K, 1 young (4096K), 1 survivors (4096K)
 Metaspace       used 18801K, committed 19200K, reserved 1114112K
  class space    used 2563K, committed 2752K, reserved 1048576K
}
Event: 2,162 GC heap before
{Heap before GC invocations=3 (full 0):
 garbage-first heap   total 356352K, used 25034K [0x00000006aa400000, 0x0000000800000000)
  region size 4096K, 5 young (20480K), 1 survivors (4096K)
 Metaspace       used 21148K, committed 21568K, reserved 1114112K
  class space    used 2812K, committed 3008K, reserved 1048576K
}
Event: 2,166 GC heap after
{Heap after GC invocations=4 (full 0):
 garbage-first heap   total 356352K, used 14280K [0x00000006aa400000, 0x0000000800000000)
  region size 4096K, 2 young (8192K), 2 survivors (8192K)
 Metaspace       used 21148K, committed 21568K, reserved 1114112K
  class space    used 2812K, committed 3008K, reserved 1048576K
}
Event: 2,991 GC heap before
{Heap before GC invocations=5 (full 0):
 garbage-first heap   total 69632K, used 63432K [0x00000006aa400000, 0x0000000800000000)
  region size 4096K, 14 young (57344K), 2 survivors (8192K)
 Metaspace       used 25308K, committed 25792K, reserved 1114112K
  class space    used 3426K, committed 3648K, reserved 1048576K
}
Event: 3,004 GC heap after
{Heap after GC invocations=6 (full 0):
 garbage-first heap   total 81920K, used 17890K [0x00000006aa400000, 0x0000000800000000)
  region size 4096K, 3 young (12288K), 3 survivors (12288K)
 Metaspace       used 25308K, committed 25792K, reserved 1114112K
  class space    used 3426K, committed 3648K, reserved 1048576K
}
Event: 3,772 GC heap before
{Heap before GC invocations=6 (full 0):
 garbage-first heap   total 81920K, used 54754K [0x00000006aa400000, 0x0000000800000000)
  region size 4096K, 12 young (49152K), 3 survivors (12288K)
 Metaspace       used 28865K, committed 29376K, reserved 1114112K
  class space    used 3986K, committed 4224K, reserved 1048576K
}
Event: 3,780 GC heap after
{Heap after GC invocations=7 (full 0):
 garbage-first heap   total 81920K, used 19513K [0x00000006aa400000, 0x0000000800000000)
  region size 4096K, 2 young (8192K), 2 survivors (8192K)
 Metaspace       used 28865K, committed 29376K, reserved 1114112K
  class space    used 3986K, committed 4224K, reserved 1048576K
}
Event: 4,515 GC heap before
{Heap before GC invocations=7 (full 0):
 garbage-first heap   total 81920K, used 60473K [0x00000006aa400000, 0x0000000800000000)
  region size 4096K, 12 young (49152K), 2 survivors (8192K)
 Metaspace       used 34985K, committed 35584K, reserved 1114112K
  class space    used 4798K, committed 5056K, reserved 1048576K
}
Event: 4,521 GC heap after
{Heap after GC invocations=8 (full 0):
 garbage-first heap   total 81920K, used 22748K [0x00000006aa400000, 0x0000000800000000)
  region size 4096K, 2 young (8192K), 2 survivors (8192K)
 Metaspace       used 34985K, committed 35584K, reserved 1114112K
  class space    used 4798K, committed 5056K, reserved 1048576K
}
Event: 4,642 GC heap before
{Heap before GC invocations=8 (full 0):
 garbage-first heap   total 81920K, used 26844K [0x00000006aa400000, 0x0000000800000000)
  region size 4096K, 4 young (16384K), 2 survivors (8192K)
 Metaspace       used 35670K, committed 36288K, reserved 1114112K
  class space    used 4881K, committed 5184K, reserved 1048576K
}
Event: 4,647 GC heap after
{Heap after GC invocations=9 (full 0):
 garbage-first heap   total 81920K, used 23752K [0x00000006aa400000, 0x0000000800000000)
  region size 4096K, 2 young (8192K), 2 survivors (8192K)
 Metaspace       used 35670K, committed 36288K, reserved 1114112K
  class space    used 4881K, committed 5184K, reserved 1048576K
}
Event: 5,396 GC heap before
{Heap before GC invocations=10 (full 0):
 garbage-first heap   total 81920K, used 64712K [0x00000006aa400000, 0x0000000800000000)
  region size 4096K, 12 young (49152K), 2 survivors (8192K)
 Metaspace       used 42595K, committed 43264K, reserved 1114112K
  class space    used 5983K, committed 6272K, reserved 1048576K
}
Event: 5,402 GC heap after
{Heap after GC invocations=11 (full 0):
 garbage-first heap   total 217088K, used 25943K [0x00000006aa400000, 0x0000000800000000)
  region size 4096K, 2 young (8192K), 2 survivors (8192K)
 Metaspace       used 42595K, committed 43264K, reserved 1114112K
  class space    used 5983K, committed 6272K, reserved 1048576K
}
Event: 6,611 GC heap before
{Heap before GC invocations=11 (full 0):
 garbage-first heap   total 217088K, used 83287K [0x00000006aa400000, 0x0000000800000000)
  region size 4096K, 18 young (73728K), 2 survivors (8192K)
 Metaspace       used 60118K, committed 60800K, reserved 1114112K
  class space    used 8519K, committed 8832K, reserved 1048576K
}

