# JRE version: OpenJDK Runtime Environment (Red_Hat-21.0.6.0.7-1) (21.0.6+7) (build 21.0.6+7)
# Java VM: OpenJDK 64-Bit Server VM (Red_Hat-21.0.6.0.7-1) (21.0.6+7, mixed mode, emulated-client, sharing, tiered, compressed oops, compressed class ptrs, g1 gc, linux-amd64)
GC Precious Log:
 CardTable entry size: 512
 Card Set container configuration: InlinePtr #cards 4 size 8 Array Of Cards #cards 32 size 80 Howl #buckets 8 coarsen threshold 7372 Howl Bitmap #cards 1024 size 144 coarsen threshold 921 Card regions per heap region 1 cards per card region 8192
 CPUs: 8 total, 8 available
 Memory: 21871M
 Large Page Support: Disabled
 NUMA Support: Disabled
 Compressed Oops: Enabled (Zero based)
 Heap Region Size: 4M
 Heap Min Capacity: 8M
 Heap Initial Capacity: 344M
 Heap Max Capacity: 5468M
 Pre-touch: Disabled
 Parallel Workers: 8
 Concurrent Workers: 2
 Concurrent Refinement Workers: 8
 Periodic GC: Disabled
Heap:
 garbage-first heap   total 69632K, used 47230K [0x00000006aa400000, 0x0000000800000000)
  region size 4096K, 10 young (40960K), 2 survivors (8192K)
 Metaspace       used 23896K, committed 24384K, reserved 1114112K
  class space    used 3225K, committed 3456K, reserved 1048576K
GC Heap History (9 events):
Event: 0,560 GC heap before
{Heap before GC invocations=0 (full 0):
 garbage-first heap   total 356352K, used 17459K [0x00000006aa400000, 0x0000000800000000)
  region size 4096K, 5 young (20480K), 0 survivors (0K)
 Metaspace       used 5834K, committed 6016K, reserved 1114112K
  class space    used 679K, committed 768K, reserved 1048576K
}
Event: 0,566 GC heap after
{Heap after GC invocations=1 (full 0):
 garbage-first heap   total 356352K, used 8762K [0x00000006aa400000, 0x0000000800000000)
  region size 4096K, 1 young (4096K), 1 survivors (4096K)
 Metaspace       used 5834K, committed 6016K, reserved 1114112K
  class space    used 679K, committed 768K, reserved 1048576K
}
Event: 0,803 GC heap before
{Heap before GC invocations=1 (full 0):
 garbage-first heap   total 356352K, used 21050K [0x00000006aa400000, 0x0000000800000000)
  region size 4096K, 4 young (16384K), 1 survivors (4096K)
 Metaspace       used 8504K, committed 8832K, reserved 1114112K
  class space    used 1053K, committed 1216K, reserved 1048576K
}
Event: 0,807 GC heap after
{Heap after GC invocations=2 (full 0):
 garbage-first heap   total 356352K, used 9568K [0x00000006aa400000, 0x0000000800000000)
  region size 4096K, 1 young (4096K), 1 survivors (4096K)
 Metaspace       used 8504K, committed 8832K, reserved 1114112K
  class space    used 1053K, committed 1216K, reserved 1048576K
}
Event: 1,471 GC heap before
{Heap before GC invocations=2 (full 0):
 garbage-first heap   total 356352K, used 50528K [0x00000006aa400000, 0x0000000800000000)
  region size 4096K, 12 young (49152K), 1 survivors (4096K)
 Metaspace       used 18822K, committed 19200K, reserved 1114112K
  class space    used 2564K, committed 2752K, reserved 1048576K
}
Event: 1,476 GC heap after
{Heap after GC invocations=3 (full 0):
 garbage-first heap   total 356352K, used 12459K [0x00000006aa400000, 0x0000000800000000)
  region size 4096K, 1 young (4096K), 1 survivors (4096K)
 Metaspace       used 18822K, committed 19200K, reserved 1114112K
  class space    used 2564K, committed 2752K, reserved 1048576K
}
Event: 1,566 GC heap before
{Heap before GC invocations=3 (full 0):
 garbage-first heap   total 356352K, used 24747K [0x00000006aa400000, 0x0000000800000000)
  region size 4096K, 5 young (20480K), 1 survivors (4096K)
 Metaspace       used 21126K, committed 21504K, reserved 1114112K
  class space    used 2810K, committed 3008K, reserved 1048576K
}
Event: 1,570 GC heap after
{Heap after GC invocations=4 (full 0):
 garbage-first heap   total 356352K, used 14462K [0x00000006aa400000, 0x0000000800000000)
  region size 4096K, 2 young (8192K), 2 survivors (8192K)
 Metaspace       used 21126K, committed 21504K, reserved 1114112K
  class space    used 2810K, committed 3008K, reserved 1048576K
}
Event: 1,899 GC heap before
{Heap before GC invocations=5 (full 0):
 garbage-first heap   total 69632K, used 47230K [0x00000006aa400000, 0x0000000800000000)
  region size 4096K, 10 young (40960K), 2 survivors (8192K)
 Metaspace       used 23896K, committed 24384K, reserved 1114112K
  class space    used 3225K, committed 3456K, reserved 1048576K
}

