# JRE version: OpenJDK Runtime Environment (Red_Hat-21.0.6.0.7-1) (21.0.6+7) (build 21.0.6+7)
# Java VM: OpenJDK 64-Bit Server VM (Red_Hat-21.0.6.0.7-1) (21.0.6+7, mixed mode, emulated-client, sharing, tiered, compressed oops, compressed class ptrs, g1 gc, linux-amd64)
GC Precious Log:
 CardTable entry size: 512
 Card Set container configuration: InlinePtr #cards 4 size 8 Array Of Cards #cards 32 size 80 Howl #buckets 8 coarsen threshold 7372 Howl Bitmap #cards 1024 size 144 coarsen threshold 921 Card regions per heap region 1 cards per card region 8192
 CPUs: 8 total, 8 available
 Memory: 21871M
 Large Page Support: Disabled
 NUMA Support: Disabled
 Compressed Oops: Enabled (Zero based)
 Heap Region Size: 4M
 Heap Min Capacity: 8M
 Heap Initial Capacity: 344M
 Heap Max Capacity: 5468M
 Pre-touch: Disabled
 Parallel Workers: 8
 Concurrent Workers: 2
 Concurrent Refinement Workers: 8
 Periodic GC: Disabled
Heap:
 garbage-first heap   total 77824K, used 55895K [0x00000006aa400000, 0x0000000800000000)
  region size 4096K, 11 young (45056K), 2 survivors (8192K)
 Metaspace       used 34157K, committed 34816K, reserved 1114112K
  class space    used 4718K, committed 4992K, reserved 1048576K
GC Heap History (13 events):
Event: 0,667 GC heap before
{Heap before GC invocations=0 (full 0):
 garbage-first heap   total 356352K, used 17459K [0x00000006aa400000, 0x0000000800000000)
  region size 4096K, 5 young (20480K), 0 survivors (0K)
 Metaspace       used 6216K, committed 6464K, reserved 1114112K
  class space    used 709K, committed 832K, reserved 1048576K
}
Event: 0,674 GC heap after
{Heap after GC invocations=1 (full 0):
 garbage-first heap   total 356352K, used 8884K [0x00000006aa400000, 0x0000000800000000)
  region size 4096K, 1 young (4096K), 1 survivors (4096K)
 Metaspace       used 6216K, committed 6464K, reserved 1114112K
  class space    used 709K, committed 832K, reserved 1048576K
}
Event: 0,923 GC heap before
{Heap before GC invocations=1 (full 0):
 garbage-first heap   total 356352K, used 17076K [0x00000006aa400000, 0x0000000800000000)
  region size 4096K, 4 young (16384K), 1 survivors (4096K)
 Metaspace       used 8506K, committed 8832K, reserved 1114112K
  class space    used 1054K, committed 1216K, reserved 1048576K
}
Event: 0,929 GC heap after
{Heap after GC invocations=2 (full 0):
 garbage-first heap   total 356352K, used 9494K [0x00000006aa400000, 0x0000000800000000)
  region size 4096K, 1 young (4096K), 1 survivors (4096K)
 Metaspace       used 8506K, committed 8832K, reserved 1114112K
  class space    used 1054K, committed 1216K, reserved 1048576K
}
Event: 1,591 GC heap before
{Heap before GC invocations=2 (full 0):
 garbage-first heap   total 356352K, used 50454K [0x00000006aa400000, 0x0000000800000000)
  region size 4096K, 12 young (49152K), 1 survivors (4096K)
 Metaspace       used 18977K, committed 19392K, reserved 1114112K
  class space    used 2579K, committed 2752K, reserved 1048576K
}
Event: 1,595 GC heap after
{Heap after GC invocations=3 (full 0):
 garbage-first heap   total 356352K, used 12472K [0x00000006aa400000, 0x0000000800000000)
  region size 4096K, 1 young (4096K), 1 survivors (4096K)
 Metaspace       used 18977K, committed 19392K, reserved 1114112K
  class space    used 2579K, committed 2752K, reserved 1048576K
}
Event: 1,686 GC heap before
{Heap before GC invocations=3 (full 0):
 garbage-first heap   total 356352K, used 24760K [0x00000006aa400000, 0x0000000800000000)
  region size 4096K, 5 young (20480K), 1 survivors (4096K)
 Metaspace       used 21129K, committed 21504K, reserved 1114112K
  class space    used 2815K, committed 3008K, reserved 1048576K
}
Event: 1,690 GC heap after
{Heap after GC invocations=4 (full 0):
 garbage-first heap   total 356352K, used 14266K [0x00000006aa400000, 0x0000000800000000)
  region size 4096K, 2 young (8192K), 2 survivors (8192K)
 Metaspace       used 21129K, committed 21504K, reserved 1114112K
  class space    used 2815K, committed 3008K, reserved 1048576K
}
Event: 2,276 GC heap before
{Heap before GC invocations=5 (full 0):
 garbage-first heap   total 69632K, used 63418K [0x00000006aa400000, 0x0000000800000000)
  region size 4096K, 14 young (57344K), 2 survivors (8192K)
 Metaspace       used 24958K, committed 25408K, reserved 1114112K
  class space    used 3386K, committed 3584K, reserved 1048576K
}
Event: 2,283 GC heap after
{Heap after GC invocations=6 (full 0):
 garbage-first heap   total 77824K, used 16719K [0x00000006aa400000, 0x0000000800000000)
  region size 4096K, 2 young (8192K), 2 survivors (8192K)
 Metaspace       used 24958K, committed 25408K, reserved 1114112K
  class space    used 3386K, committed 3584K, reserved 1048576K
}
Event: 2,835 GC heap before
{Heap before GC invocations=6 (full 0):
 garbage-first heap   total 77824K, used 53583K [0x00000006aa400000, 0x0000000800000000)
  region size 4096K, 11 young (45056K), 2 survivors (8192K)
 Metaspace       used 28771K, committed 29312K, reserved 1114112K
  class space    used 3964K, committed 4224K, reserved 1048576K
}
Event: 2,842 GC heap after
{Heap after GC invocations=7 (full 0):
 garbage-first heap   total 77824K, used 19031K [0x00000006aa400000, 0x0000000800000000)
  region size 4096K, 2 young (8192K), 2 survivors (8192K)
 Metaspace       used 28771K, committed 29312K, reserved 1114112K
  class space    used 3964K, committed 4224K, reserved 1048576K
}
Event: 3,417 GC heap before
{Heap before GC invocations=7 (full 0):
 garbage-first heap   total 77824K, used 55895K [0x00000006aa400000, 0x0000000800000000)
  region size 4096K, 11 young (45056K), 2 survivors (8192K)
 Metaspace       used 34157K, committed 34816K, reserved 1114112K
  class space    used 4718K, committed 4992K, reserved 1048576K
}

